<?xml version="1.0" encoding="UTF-8"?>
<!-- Generated by org.testng.reporters.JUnitReportReporter -->
<testsuite hostname="ITAMAS2-NB" failures="0" tests="1" name="testCases.TC_002_LoginTest" time="2.874" errors="0" timestamp="2023-08-03T16:50:12 EEST" skipped="0">
  <testcase classname="testCases.TC_002_LoginTest" name="test_Login" time="2.874"/>
</testsuite> <!-- testCases.TC_002_LoginTest -->
