<?xml version="1.0" encoding="UTF-8"?>
<!-- Generated by org.testng.reporters.JUnitReportReporter -->
<testsuite hostname="ITAMAS2-NB" failures="0" tests="1" name="testCases.TC_001_AccountRegistrationTest" time="2.115" errors="0" timestamp="2023-08-03T16:08:59 EEST" skipped="0">
  <testcase classname="testCases.TC_001_AccountRegistrationTest" name="test_account_Registration" time="2.115"/>
</testsuite> <!-- testCases.TC_001_AccountRegistrationTest -->
